<?xml version="1.0" encoding="utf-8"?>
<TestRun id="e6c721b6-f975-4468-b6fe-b6947ee44a98" name="zeynels@ZEYNELS 2022-12-04 15:23:13" runUser="SIM-ANT\zeynels" xmlns="http://microsoft.com/schemas/VisualStudio/TeamTest/2010">
  <Times creation="2022-12-04T15:23:13.8352795+03:00" queuing="2022-12-04T15:23:13.8352798+03:00" start="2022-12-04T15:23:12.6137422+03:00" finish="2022-12-04T15:23:13.8442253+03:00" />
  <TestSettings name="default" id="421933fe-5e31-48b0-8fd6-67240b3c87ef">
    <Deployment runDeploymentRoot="zeynels_ZEYNELS_2022-12-04_15_23_13" />
  </TestSettings>
  <Results>
    <UnitTestResult executionId="5f9c33df-13ab-442e-824b-f5540ab37b97" testId="67a8476c-5092-9867-831d-3ccd36a71c25" testName="EmployeeManagement.Test.EmployeeFactoryTests.CreateEmployee_ConstructInternalEmployee_SalaryMustBeBetween2500And3500" computerName="ZEYNELS" duration="00:00:00.0010000" startTime="2022-12-04T15:23:13.7055190+03:00" endTime="2022-12-04T15:23:13.7055192+03:00" testType="13cdc9d9-ddb5-4fa4-a97d-d965ccfc6d4b" outcome="NotExecuted" testListId="8c84fa94-04c1-424b-9868-57a2d4851a1d" relativeResultsDirectory="5f9c33df-13ab-442e-824b-f5540ab37b97">
      <Output>
        <StdOut>Skipping this one for demo reasons</StdOut>
      </Output>
    </UnitTestResult>
    <UnitTestResult executionId="4f42c77f-84e1-48ac-bd99-a5779b36824b" testId="64418676-cfcd-ad0a-e20c-da31dcd9dc81" testName="EmployeeManagement.Test.EmployeeFactoryTests.CreateEmployee_ConstructInternalEmployee_SalaryMustBeBetween2500_PrecisionExample" computerName="ZEYNELS" duration="00:00:00.0024080" startTime="2022-12-04T15:23:13.7046565+03:00" endTime="2022-12-04T15:23:13.7046565+03:00" testType="13cdc9d9-ddb5-4fa4-a97d-d965ccfc6d4b" outcome="Passed" testListId="8c84fa94-04c1-424b-9868-57a2d4851a1d" relativeResultsDirectory="4f42c77f-84e1-48ac-bd99-a5779b36824b" />
    <UnitTestResult executionId="8290e998-cc52-4e77-9816-ad50625421fc" testId="91578586-b47e-d934-8c9b-0e35cf971547" testName="EmployeeManagement.Test.EmployeeFactoryTests.CreateEmployee_ConstructInternalEmployee_SalaryMustBeBetween2500And3500_Alternative" computerName="ZEYNELS" duration="00:00:00.0020695" startTime="2022-12-04T15:23:13.7016071+03:00" endTime="2022-12-04T15:23:13.7016376+03:00" testType="13cdc9d9-ddb5-4fa4-a97d-d965ccfc6d4b" outcome="Passed" testListId="8c84fa94-04c1-424b-9868-57a2d4851a1d" relativeResultsDirectory="8290e998-cc52-4e77-9816-ad50625421fc" />
    <UnitTestResult executionId="10fa213d-a125-4e76-b73c-1602bac2ca7a" testId="a6604c35-0e74-f1fc-1d33-65109eaabedc" testName="EmployeeManagement.Test.EmployeeFactoryTests.CreateEmployee_ConstructInternalEmployee_SalaryMustBeBetween2500And3500_AlternativeWithInRange" computerName="ZEYNELS" duration="00:00:00.0005130" startTime="2022-12-04T15:23:13.7056934+03:00" endTime="2022-12-04T15:23:13.7056935+03:00" testType="13cdc9d9-ddb5-4fa4-a97d-d965ccfc6d4b" outcome="Passed" testListId="8c84fa94-04c1-424b-9868-57a2d4851a1d" relativeResultsDirectory="10fa213d-a125-4e76-b73c-1602bac2ca7a" />
  </Results>
  <TestDefinitions>
    <UnitTest name="EmployeeManagement.Test.EmployeeFactoryTests.CreateEmployee_ConstructInternalEmployee_SalaryMustBeBetween2500And3500_AlternativeWithInRange" storage="c:\users\zeynels\desktop\git project\unittest\employeemanagement.test\bin\debug\net6.0\employeemanagement.test.dll" id="a6604c35-0e74-f1fc-1d33-65109eaabedc">
      <Execution id="10fa213d-a125-4e76-b73c-1602bac2ca7a" />
      <TestMethod codeBase="C:\Users\zeynels\Desktop\Git Project\UnitTest\EmployeeManagement.Test\bin\Debug\net6.0\EmployeeManagement.Test.dll" adapterTypeName="executor://xunit/VsTestRunner2/netcoreapp" className="EmployeeManagement.Test.EmployeeFactoryTests" name="CreateEmployee_ConstructInternalEmployee_SalaryMustBeBetween2500And3500_AlternativeWithInRange" />
    </UnitTest>
    <UnitTest name="EmployeeManagement.Test.EmployeeFactoryTests.CreateEmployee_ConstructInternalEmployee_SalaryMustBeBetween2500And3500" storage="c:\users\zeynels\desktop\git project\unittest\employeemanagement.test\bin\debug\net6.0\employeemanagement.test.dll" id="67a8476c-5092-9867-831d-3ccd36a71c25">
      <Execution id="5f9c33df-13ab-442e-824b-f5540ab37b97" />
      <TestMethod codeBase="C:\Users\zeynels\Desktop\Git Project\UnitTest\EmployeeManagement.Test\bin\Debug\net6.0\EmployeeManagement.Test.dll" adapterTypeName="executor://xunit/VsTestRunner2/netcoreapp" className="EmployeeManagement.Test.EmployeeFactoryTests" name="CreateEmployee_ConstructInternalEmployee_SalaryMustBeBetween2500And3500" />
    </UnitTest>
    <UnitTest name="EmployeeManagement.Test.EmployeeFactoryTests.CreateEmployee_ConstructInternalEmployee_SalaryMustBeBetween2500And3500_Alternative" storage="c:\users\zeynels\desktop\git project\unittest\employeemanagement.test\bin\debug\net6.0\employeemanagement.test.dll" id="91578586-b47e-d934-8c9b-0e35cf971547">
      <Execution id="8290e998-cc52-4e77-9816-ad50625421fc" />
      <TestMethod codeBase="C:\Users\zeynels\Desktop\Git Project\UnitTest\EmployeeManagement.Test\bin\Debug\net6.0\EmployeeManagement.Test.dll" adapterTypeName="executor://xunit/VsTestRunner2/netcoreapp" className="EmployeeManagement.Test.EmployeeFactoryTests" name="CreateEmployee_ConstructInternalEmployee_SalaryMustBeBetween2500And3500_Alternative" />
    </UnitTest>
    <UnitTest name="EmployeeManagement.Test.EmployeeFactoryTests.CreateEmployee_ConstructInternalEmployee_SalaryMustBeBetween2500_PrecisionExample" storage="c:\users\zeynels\desktop\git project\unittest\employeemanagement.test\bin\debug\net6.0\employeemanagement.test.dll" id="64418676-cfcd-ad0a-e20c-da31dcd9dc81">
      <Execution id="4f42c77f-84e1-48ac-bd99-a5779b36824b" />
      <TestMethod codeBase="C:\Users\zeynels\Desktop\Git Project\UnitTest\EmployeeManagement.Test\bin\Debug\net6.0\EmployeeManagement.Test.dll" adapterTypeName="executor://xunit/VsTestRunner2/netcoreapp" className="EmployeeManagement.Test.EmployeeFactoryTests" name="CreateEmployee_ConstructInternalEmployee_SalaryMustBeBetween2500_PrecisionExample" />
    </UnitTest>
  </TestDefinitions>
  <TestEntries>
    <TestEntry testId="67a8476c-5092-9867-831d-3ccd36a71c25" executionId="5f9c33df-13ab-442e-824b-f5540ab37b97" testListId="8c84fa94-04c1-424b-9868-57a2d4851a1d" />
    <TestEntry testId="64418676-cfcd-ad0a-e20c-da31dcd9dc81" executionId="4f42c77f-84e1-48ac-bd99-a5779b36824b" testListId="8c84fa94-04c1-424b-9868-57a2d4851a1d" />
    <TestEntry testId="91578586-b47e-d934-8c9b-0e35cf971547" executionId="8290e998-cc52-4e77-9816-ad50625421fc" testListId="8c84fa94-04c1-424b-9868-57a2d4851a1d" />
    <TestEntry testId="a6604c35-0e74-f1fc-1d33-65109eaabedc" executionId="10fa213d-a125-4e76-b73c-1602bac2ca7a" testListId="8c84fa94-04c1-424b-9868-57a2d4851a1d" />
  </TestEntries>
  <TestLists>
    <TestList name="Results Not in a List" id="8c84fa94-04c1-424b-9868-57a2d4851a1d" />
    <TestList name="All Loaded Results" id="19431567-8539-422a-85d7-44ee4e166bda" />
  </TestLists>
  <ResultSummary outcome="Completed">
    <Counters total="4" executed="3" passed="3" failed="0" error="0" timeout="0" aborted="0" inconclusive="0" passedButRunAborted="0" notRunnable="0" notExecuted="0" disconnected="0" warning="0" completed="0" inProgress="0" pending="0" />
    <Output>
      <StdOut>[xUnit.net 00:00:00.00] xUnit.net VSTest Adapter v2.4.3+1b45f5407b (64-bit .NET 6.0.10)&#xD;
[xUnit.net 00:00:00.57]   Discovering: EmployeeManagement.Test&#xD;
[xUnit.net 00:00:00.62]   Discovered:  EmployeeManagement.Test&#xD;
[xUnit.net 00:00:00.62]   Starting:    EmployeeManagement.Test&#xD;
[xUnit.net 00:00:00.67]       Skipping this one for demo reasons&#xD;
[xUnit.net 00:00:00.68]   Finished:    EmployeeManagement.Test&#xD;
Test 'EmployeeManagement.Test.EmployeeFactoryTests.CreateEmployee_ConstructInternalEmployee_SalaryMustBeBetween2500And3500' was skipped in the test run.&#xD;
</StdOut>
    </Output>
    <RunInfos>
      <RunInfo computerName="ZEYNELS" outcome="Warning" timestamp="2022-12-04T15:23:13.7057982+03:00">
        <Text>[xUnit.net 00:00:00.67]     EmployeeManagement.Test.EmployeeFactoryTests.CreateEmployee_ConstructInternalEmployee_SalaryMustBeBetween2500And3500 [SKIP]</Text>
      </RunInfo>
    </RunInfos>
  </ResultSummary>
</TestRun>